2025-12-20 22:34:08,019 - INFO - Starting Epic Games Freebie Notifier2025-12-20 18:21:30,132 - INFO - Starting Epic Games Freebie Notifier
2025-12-20 18:54:52,714 - INFO - Starting Epic Games Freebie Notifier
2025-12-20 18:54:52,715 - INFO - Current working directory: /home/runner/work/EpicGames-Freebie-Notifier/EpicGames-Freebie-Notifier
2025-12-20 18:54:52,715 - INFO - Looking for .env file at: /home/runner/work/EpicGames-Freebie-Notifier/EpicGames-Freebie-Notifier/.env
2025-12-20 18:54:52,715 - INFO - .env file exists: False
2025-12-20 18:54:52,715 - INFO - Configuration validated successfully
2025-12-20 18:54:52,715 - INFO - Using webhook: https://discord.com/api/webhoo...
2025-12-20 18:54:53,290 - INFO - Found 1 free game(s)
2025-12-20 18:54:53,291 - INFO - New free game detected: Blood West
2025-12-20 18:54:53,596 - INFO - Successfully notified: Blood West
2025-12-20 18:54:53,598 - INFO - Completed notification check
2025-12-20 19:13:15,392 - INFO - Starting Epic Games Freebie Notifier
2025-12-20 19:13:15,392 - INFO - Current working directory: /home/runner/work/EpicGames-Freebie-Notifier/EpicGames-Freebie-Notifier
2025-12-20 19:13:15,392 - INFO - Looking for .env file at: /home/runner/work/EpicGames-Freebie-Notifier/EpicGames-Freebie-Notifier/.env
2025-12-20 19:13:15,392 - INFO - .env file exists: False
2025-12-20 19:13:15,392 - INFO - Configuration validated successfully
2025-12-20 19:13:15,393 - INFO - Using webhook: https://discord.com/api/webhoo...
2025-12-20 19:13:15,805 - INFO - Found 1 free game(s)
2025-12-20 19:13:15,806 - INFO - Completed notification check
2025-12-20 19:13:26,295 - INFO - Starting Epic Games Freebie Notifier
2025-12-20 19:13:26,295 - INFO - Current working directory: /home/runner/work/EpicGames-Freebie-Notifier/EpicGames-Freebie-Notifier
2025-12-20 19:13:26,295 - INFO - Looking for .env file at: /home/runner/work/EpicGames-Freebie-Notifier/EpicGames-Freebie-Notifier/.env
2025-12-20 19:13:26,295 - INFO - .env file exists: False
2025-12-20 19:13:26,295 - INFO - Configuration validated successfully
2025-12-20 19:13:26,295 - INFO - Using webhook: https://discord.com/api/webhoo...
2025-12-20 19:13:26,587 - INFO - Found 1 free game(s)
2025-12-20 19:13:26,589 - INFO - Completed notification check
2025-12-20 19:13:36,570 - INFO - Starting Epic Games Freebie Notifier
2025-12-20 19:13:36,570 - INFO - Current working directory: /home/runner/work/EpicGames-Freebie-Notifier/EpicGames-Freebie-Notifier
2025-12-20 19:13:36,570 - INFO - Looking for .env file at: /home/runner/work/EpicGames-Freebie-Notifier/EpicGames-Freebie-Notifier/.env
2025-12-20 19:13:36,570 - INFO - .env file exists: False
2025-12-20 19:13:36,570 - INFO - Configuration validated successfully
2025-12-20 19:13:36,570 - INFO - Using webhook: https://discord.com/api/webhoo...
2025-12-20 19:13:36,875 - INFO - Found 1 free game(s)
2025-12-20 19:13:36,877 - INFO - Completed notification check
